<?xml version="1.0" encoding="UTF-8"?>
<!-- Generated by org.testng.reporters.JUnitReportReporter -->
<testsuite hostname="DESKTOP-TVL2B46" failures="0" tests="2" name="com.yntra.testcases.Myntra_Login_Test" time="20.787" errors="0" timestamp="10 Jul 2019 18:02:56 GMT" skipped="0">
  <testcase classname="com.yntra.testcases.Myntra_Login_Test" name="verifyingTitle" time="9.926"/>
  <testcase classname="com.yntra.testcases.Myntra_Login_Test" name="clickOnMyntraLogin" time="10.861"/>
</testsuite> <!-- com.yntra.testcases.Myntra_Login_Test -->
