<?xml version="1.0" encoding="UTF-8"?>
<!-- Generated by org.testng.reporters.JUnitReportReporter -->
<testsuite hostname="DESKTOP-TVL2B46" failures="0" tests="2" name="com.yntra.testcases.Myntra_Home_Test" time="25.064" errors="0" timestamp="10 Jul 2019 18:02:56 GMT" skipped="0">
  <testcase classname="com.yntra.testcases.Myntra_Home_Test" name="searchSomeElement" time="13.813"/>
  <testcase classname="com.yntra.testcases.Myntra_Home_Test" name="clickOnMenTag" time="11.251"/>
</testsuite> <!-- com.yntra.testcases.Myntra_Home_Test -->
